<?xml version="1.0" encoding="UTF-8" standalone="no"?>
<testsuite failures="0" name="cucumber.runtime.formatter.JUnitFormatter" skipped="0" tests="1" time="18.710031">
    <testcase classname="Login to AirBnB" name="Login to airbnb test" time="18.710031">
        <system-out><![CDATA[Given User is on home page..................................................passed
When title of the page is "Vacation Homes & Condo Rentals - Airbnb - Airbnb".passed
Then user click on login button.............................................passed
Then user enters id.........................................................passed
Then user enters pass.......................................................passed
Then click on signIn........................................................passed
Then user is on final homepage..............................................passed
]]></system-out>
    </testcase>
</testsuite>
